INFO 2021-01-28 10:42:19,240 autoreload 597 Watching for file changes with StatReloader
ERROR 2021-01-28 10:42:22,384 log 228 Internal Server Error: /sms_codes/15838618208/
Traceback (most recent call last):
  File "D:\Alltools\conda\unzip\envs\py3\lib\site-packages\django\core\handlers\exception.py", line 34, in inner
    response = get_response(request)
  File "D:\Alltools\conda\unzip\envs\py3\lib\site-packages\django\core\handlers\base.py", line 115, in _get_response
    response = self.process_exception_by_middleware(e, request)
  File "D:\Alltools\conda\unzip\envs\py3\lib\site-packages\django\core\handlers\base.py", line 113, in _get_response
    response = wrapped_callback(request, *callback_args, **callback_kwargs)
  File "D:\Alltools\conda\unzip\envs\py3\lib\site-packages\django\views\generic\base.py", line 71, in view
    return self.dispatch(request, *args, **kwargs)
  File "D:\Alltools\conda\unzip\envs\py3\lib\site-packages\django\views\generic\base.py", line 97, in dispatch
    return handler(request, *args, **kwargs)
TypeError: get() missing 1 required positional argument: 'code'
ERROR 2021-01-28 10:42:22,386 basehttp 154 "GET /sms_codes/15838618208/?uuid=2906a4b6-42af-4b8d-8b00-14025c3b976b&image_code=QS9L HTTP/1.1" 500 79202
INFO 2021-01-28 10:44:16,090 autoreload 597 Watching for file changes with StatReloader
ERROR 2021-01-28 10:44:19,158 log 228 Internal Server Error: /sms_codes/15838618208/
Traceback (most recent call last):
  File "D:\Alltools\conda\unzip\envs\py3\lib\site-packages\django\core\handlers\exception.py", line 34, in inner
    response = get_response(request)
  File "D:\Alltools\conda\unzip\envs\py3\lib\site-packages\django\core\handlers\base.py", line 115, in _get_response
    response = self.process_exception_by_middleware(e, request)
  File "D:\Alltools\conda\unzip\envs\py3\lib\site-packages\django\core\handlers\base.py", line 113, in _get_response
    response = wrapped_callback(request, *callback_args, **callback_kwargs)
  File "D:\Alltools\conda\unzip\envs\py3\lib\site-packages\django\views\generic\base.py", line 71, in view
    return self.dispatch(request, *args, **kwargs)
  File "D:\Alltools\conda\unzip\envs\py3\lib\site-packages\django\views\generic\base.py", line 97, in dispatch
    return handler(request, *args, **kwargs)
TypeError: get() missing 1 required positional argument: 'code'
ERROR 2021-01-28 10:44:19,160 basehttp 154 "GET /sms_codes/15838618208/ HTTP/1.1" 500 78256
INFO 2021-01-28 10:44:42,532 autoreload 217 C:\Users\LiZ\Desktop\lgshop\apps\verifications\urls.py changed, reloading.
INFO 2021-01-28 10:44:46,613 autoreload 597 Watching for file changes with StatReloader
ERROR 2021-01-28 10:44:55,726 log 228 Internal Server Error: /sms_codes/
Traceback (most recent call last):
  File "D:\Alltools\conda\unzip\envs\py3\lib\site-packages\django\core\handlers\exception.py", line 34, in inner
    response = get_response(request)
  File "D:\Alltools\conda\unzip\envs\py3\lib\site-packages\django\core\handlers\base.py", line 115, in _get_response
    response = self.process_exception_by_middleware(e, request)
  File "D:\Alltools\conda\unzip\envs\py3\lib\site-packages\django\core\handlers\base.py", line 113, in _get_response
    response = wrapped_callback(request, *callback_args, **callback_kwargs)
  File "D:\Alltools\conda\unzip\envs\py3\lib\site-packages\django\views\generic\base.py", line 71, in view
    return self.dispatch(request, *args, **kwargs)
  File "D:\Alltools\conda\unzip\envs\py3\lib\site-packages\django\views\generic\base.py", line 97, in dispatch
    return handler(request, *args, **kwargs)
TypeError: get() missing 2 required positional arguments: 'code' and 'mobile'
ERROR 2021-01-28 10:44:55,728 basehttp 154 "GET /sms_codes/ HTTP/1.1" 500 77906
INFO 2021-01-28 10:45:40,112 autoreload 597 Watching for file changes with StatReloader
WARNING 2021-01-28 10:45:44,480 log 228 Not Found: /sms_codes/15838618208/
WARNING 2021-01-28 10:45:44,481 basehttp 154 "GET /sms_codes/15838618208/?uuid=2906a4b6-42af-4b8d-8b00-14025c3b976b&image_code=QS9L HTTP/1.1" 404 2677
INFO 2021-01-28 10:46:30,077 autoreload 217 C:\Users\LiZ\Desktop\lgshop\apps\verifications\libs\ronglianyun\ccp_sms.py changed, reloading.
INFO 2021-01-28 10:46:32,441 autoreload 597 Watching for file changes with StatReloader
INFO 2021-01-28 10:46:35,100 autoreload 217 C:\Users\LiZ\Desktop\lgshop\apps\verifications\libs\ronglianyun\ccp_sms.py changed, reloading.
INFO 2021-01-28 10:46:37,383 autoreload 597 Watching for file changes with StatReloader
INFO 2021-01-28 10:46:54,908 autoreload 217 C:\Users\LiZ\Desktop\lgshop\apps\verifications\libs\ronglianyun\ccp_sms.py changed, reloading.
INFO 2021-01-28 10:47:00,128 autoreload 597 Watching for file changes with StatReloader
WARNING 2021-01-28 10:47:04,798 log 228 Not Found: /sms_codes/15838618208/
WARNING 2021-01-28 10:47:04,799 basehttp 154 "GET /sms_codes/15838618208/?uuid=2906a4b6-42af-4b8d-8b00-14025c3b976b&image_code=QS9L HTTP/1.1" 404 2677
INFO 2021-01-28 10:47:14,450 basehttp 154 "GET /users/register/ HTTP/1.1" 200 3836
INFO 2021-01-28 10:47:14,724 basehttp 154 "GET /image_codes/c291665a-18a7-43c0-b8b4-0388245c7653/ HTTP/1.1" 200 3399
WARNING 2021-01-28 10:48:05,489 log 228 Not Found: /sms_codes/15838618208/
WARNING 2021-01-28 10:48:05,490 basehttp 154 "GET /sms_codes/15838618208/?uuid=c291665a-18a7-43c0-b8b4-0388245c7653&image_code=ZUFU HTTP/1.1" 404 2677
INFO 2021-01-28 10:48:40,156 autoreload 597 Watching for file changes with StatReloader
ERROR 2021-01-28 10:48:44,796 log 228 Internal Server Error: /sms_codes/15838618208/
Traceback (most recent call last):
  File "D:\Alltools\conda\unzip\envs\py3\lib\site-packages\django\core\handlers\exception.py", line 34, in inner
    response = get_response(request)
  File "D:\Alltools\conda\unzip\envs\py3\lib\site-packages\django\core\handlers\base.py", line 115, in _get_response
    response = self.process_exception_by_middleware(e, request)
  File "D:\Alltools\conda\unzip\envs\py3\lib\site-packages\django\core\handlers\base.py", line 113, in _get_response
    response = wrapped_callback(request, *callback_args, **callback_kwargs)
  File "D:\Alltools\conda\unzip\envs\py3\lib\site-packages\django\views\generic\base.py", line 71, in view
    return self.dispatch(request, *args, **kwargs)
  File "D:\Alltools\conda\unzip\envs\py3\lib\site-packages\django\views\generic\base.py", line 97, in dispatch
    return handler(request, *args, **kwargs)
TypeError: get() missing 1 required positional argument: 'code'
ERROR 2021-01-28 10:48:44,798 basehttp 154 "GET /sms_codes/15838618208/?uuid=c291665a-18a7-43c0-b8b4-0388245c7653&image_code=ZUFU HTTP/1.1" 500 79202
INFO 2021-01-28 10:49:55,543 autoreload 217 C:\Users\LiZ\Desktop\lgshop\apps\verifications\libs\ronglianyun\ccp_sms.py changed, reloading.
INFO 2021-01-28 10:49:56,969 autoreload 597 Watching for file changes with StatReloader
INFO 2021-01-28 10:50:07,642 autoreload 217 C:\Users\LiZ\Desktop\lgshop\apps\verifications\libs\ronglianyun\ccp_sms.py changed, reloading.
INFO 2021-01-28 10:50:09,033 autoreload 597 Watching for file changes with StatReloader
INFO 2021-01-28 10:50:15,165 autoreload 597 Watching for file changes with StatReloader
ERROR 2021-01-28 10:50:16,692 log 228 Internal Server Error: /sms_codes/15838618208/
Traceback (most recent call last):
  File "D:\Alltools\conda\unzip\envs\py3\lib\site-packages\django\core\handlers\exception.py", line 34, in inner
    response = get_response(request)
  File "D:\Alltools\conda\unzip\envs\py3\lib\site-packages\django\core\handlers\base.py", line 115, in _get_response
    response = self.process_exception_by_middleware(e, request)
  File "D:\Alltools\conda\unzip\envs\py3\lib\site-packages\django\core\handlers\base.py", line 113, in _get_response
    response = wrapped_callback(request, *callback_args, **callback_kwargs)
  File "D:\Alltools\conda\unzip\envs\py3\lib\site-packages\django\views\generic\base.py", line 71, in view
    return self.dispatch(request, *args, **kwargs)
  File "D:\Alltools\conda\unzip\envs\py3\lib\site-packages\django\views\generic\base.py", line 97, in dispatch
    return handler(request, *args, **kwargs)
TypeError: get() missing 1 required positional argument: 'code'
ERROR 2021-01-28 10:50:16,694 basehttp 154 "GET /sms_codes/15838618208/?uuid=c291665a-18a7-43c0-b8b4-0388245c7653&image_code=ZUFU HTTP/1.1" 500 79202
INFO 2021-01-28 10:50:56,229 autoreload 217 C:\Users\LiZ\Desktop\lgshop\apps\verifications\views.py changed, reloading.
INFO 2021-01-28 10:50:57,639 autoreload 597 Watching for file changes with StatReloader
INFO 2021-01-28 10:51:09,681 autoreload 217 C:\Users\LiZ\Desktop\lgshop\apps\verifications\libs\ronglianyun\ccp_sms.py changed, reloading.
INFO 2021-01-28 10:51:11,063 autoreload 597 Watching for file changes with StatReloader
INFO 2021-01-28 10:51:13,211 basehttp 154 "GET /sms_codes/15838618208/?uuid=c291665a-18a7-43c0-b8b4-0388245c7653&image_code=ZUFU HTTP/1.1" 200 84
INFO 2021-01-28 10:52:24,943 autoreload 217 C:\Users\LiZ\Desktop\lgshop\apps\verifications\views.py changed, reloading.
INFO 2021-01-28 10:52:26,384 autoreload 597 Watching for file changes with StatReloader
INFO 2021-01-28 14:22:45,772 autoreload 217 C:\Users\LiZ\Desktop\lgshop\apps\verifications\views.py changed, reloading.
INFO 2021-01-28 14:22:47,206 autoreload 597 Watching for file changes with StatReloader
INFO 2021-01-28 14:23:31,167 autoreload 217 C:\Users\LiZ\Desktop\lgshop\apps\verifications\views.py changed, reloading.
INFO 2021-01-28 14:23:32,630 autoreload 597 Watching for file changes with StatReloader
INFO 2021-01-28 14:23:54,125 autoreload 217 C:\Users\LiZ\Desktop\lgshop\apps\verifications\views.py changed, reloading.
INFO 2021-01-28 14:23:55,476 autoreload 597 Watching for file changes with StatReloader
INFO 2021-01-28 14:24:12,996 autoreload 597 Watching for file changes with StatReloader
INFO 2021-01-28 14:24:15,796 basehttp 154 "GET /users/register/ HTTP/1.1" 200 3836
INFO 2021-01-28 14:24:16,171 basehttp 154 "GET /image_codes/d994c8e1-4ec3-47a1-9078-d55d2b3da7ad/ HTTP/1.1" 200 3154
ERROR 2021-01-28 14:24:51,595 log 228 Internal Server Error: /sms_codes/15838618208/
Traceback (most recent call last):
  File "D:\Alltools\conda\unzip\envs\py3\lib\site-packages\django\core\handlers\exception.py", line 34, in inner
    response = get_response(request)
  File "D:\Alltools\conda\unzip\envs\py3\lib\site-packages\django\core\handlers\base.py", line 115, in _get_response
    response = self.process_exception_by_middleware(e, request)
  File "D:\Alltools\conda\unzip\envs\py3\lib\site-packages\django\core\handlers\base.py", line 113, in _get_response
    response = wrapped_callback(request, *callback_args, **callback_kwargs)
  File "D:\Alltools\conda\unzip\envs\py3\lib\site-packages\django\views\generic\base.py", line 71, in view
    return self.dispatch(request, *args, **kwargs)
  File "D:\Alltools\conda\unzip\envs\py3\lib\site-packages\django\views\generic\base.py", line 97, in dispatch
    return handler(request, *args, **kwargs)
  File "C:\Users\LiZ\Desktop\lgshop\apps\verifications\views.py", line 56, in get
    iamge_code_server = image_code_client.decode()
AttributeError: 'str' object has no attribute 'decode'
ERROR 2021-01-28 14:24:51,597 basehttp 154 "GET /sms_codes/15838618208/?uuid=d994c8e1-4ec3-47a1-9078-d55d2b3da7ad&image_code=fw46 HTTP/1.1" 500 84266
INFO 2021-01-28 14:25:19,649 autoreload 217 C:\Users\LiZ\Desktop\lgshop\apps\verifications\views.py changed, reloading.
INFO 2021-01-28 14:25:21,017 autoreload 597 Watching for file changes with StatReloader
ERROR 2021-01-28 14:25:25,438 log 228 Internal Server Error: /sms_codes/15838618208/
Traceback (most recent call last):
  File "D:\Alltools\conda\unzip\envs\py3\lib\site-packages\django\core\handlers\exception.py", line 34, in inner
    response = get_response(request)
  File "D:\Alltools\conda\unzip\envs\py3\lib\site-packages\django\core\handlers\base.py", line 115, in _get_response
    response = self.process_exception_by_middleware(e, request)
  File "D:\Alltools\conda\unzip\envs\py3\lib\site-packages\django\core\handlers\base.py", line 113, in _get_response
    response = wrapped_callback(request, *callback_args, **callback_kwargs)
  File "D:\Alltools\conda\unzip\envs\py3\lib\site-packages\django\views\generic\base.py", line 71, in view
    return self.dispatch(request, *args, **kwargs)
  File "D:\Alltools\conda\unzip\envs\py3\lib\site-packages\django\views\generic\base.py", line 97, in dispatch
    return handler(request, *args, **kwargs)
  File "C:\Users\LiZ\Desktop\lgshop\apps\verifications\views.py", line 56, in get
    iamge_code_server = iamge_code_server.decode()
AttributeError: 'NoneType' object has no attribute 'decode'
ERROR 2021-01-28 14:25:25,440 basehttp 154 "GET /sms_codes/15838618208/?uuid=d994c8e1-4ec3-47a1-9078-d55d2b3da7ad&image_code=fw46 HTTP/1.1" 500 84275
INFO 2021-01-28 14:26:06,505 basehttp 154 "GET /users/register/ HTTP/1.1" 200 3836
INFO 2021-01-28 14:26:06,837 basehttp 154 "GET /image_codes/6285526b-96e5-41ea-8d82-7d9b9157452d/ HTTP/1.1" 200 3123
INFO 2021-01-28 14:26:45,994 basehttp 154 "GET /sms_codes/15838618208/?uuid=6285526b-96e5-41ea-8d82-7d9b9157452d&image_code=IULW HTTP/1.1" 200 63
INFO 2021-01-28 14:28:43,333 autoreload 217 C:\Users\LiZ\Desktop\lgshop\apps\verifications\views.py changed, reloading.
INFO 2021-01-28 14:28:44,543 autoreload 597 Watching for file changes with StatReloader
INFO 2021-01-28 14:28:57,993 autoreload 217 C:\Users\LiZ\Desktop\lgshop\apps\verifications\views.py changed, reloading.
INFO 2021-01-28 14:28:59,513 autoreload 597 Watching for file changes with StatReloader
INFO 2021-01-28 14:29:24,615 autoreload 217 C:\Users\LiZ\Desktop\lgshop\apps\verifications\views.py changed, reloading.
INFO 2021-01-28 14:29:25,983 autoreload 597 Watching for file changes with StatReloader
INFO 2021-01-28 14:29:38,942 autoreload 217 C:\Users\LiZ\Desktop\lgshop\apps\verifications\views.py changed, reloading.
INFO 2021-01-28 14:29:40,298 autoreload 597 Watching for file changes with StatReloader
INFO 2021-01-28 14:29:50,748 autoreload 217 C:\Users\LiZ\Desktop\lgshop\apps\verifications\views.py changed, reloading.
INFO 2021-01-28 14:29:52,291 autoreload 597 Watching for file changes with StatReloader
INFO 2021-01-28 14:33:04,215 autoreload 217 C:\Users\LiZ\Desktop\lgshop\apps\verifications\views.py changed, reloading.
INFO 2021-01-28 14:33:05,599 autoreload 597 Watching for file changes with StatReloader
INFO 2021-01-28 14:33:36,553 autoreload 217 C:\Users\LiZ\Desktop\lgshop\apps\verifications\views.py changed, reloading.
INFO 2021-01-28 14:33:37,891 autoreload 597 Watching for file changes with StatReloader
INFO 2021-01-28 14:33:56,423 autoreload 217 C:\Users\LiZ\Desktop\lgshop\apps\verifications\views.py changed, reloading.
INFO 2021-01-28 14:33:57,794 autoreload 597 Watching for file changes with StatReloader
INFO 2021-01-28 14:48:09,101 autoreload 597 Watching for file changes with StatReloader
INFO 2021-01-28 14:48:35,219 basehttp 154 "GET /users/register/ HTTP/1.1" 200 5619
INFO 2021-01-28 14:48:35,289 basehttp 154 "GET /static/css/reset.css HTTP/1.1" 200 638
INFO 2021-01-28 14:48:35,292 basehttp 154 "GET /static/css/main.css HTTP/1.1" 200 40091
INFO 2021-01-28 14:48:35,338 basehttp 154 "GET /static/js/common.js HTTP/1.1" 200 891
INFO 2021-01-28 14:48:35,338 basehttp 154 "GET /static/js/axios-0.18.0.min.js HTTP/1.1" 200 12941
INFO 2021-01-28 14:48:35,338 basehttp 154 "GET /static/js/register.js HTTP/1.1" 200 7453
INFO 2021-01-28 14:48:35,340 basehttp 154 "GET /static/images/1.png HTTP/1.1" 200 3555
INFO 2021-01-28 14:48:35,341 basehttp 154 "GET /static/js/vue-2.5.16.js HTTP/1.1" 200 289307
INFO 2021-01-28 14:48:35,464 basehttp 154 "GET /static/images/icons02.png HTTP/1.1" 200 3935
INFO 2021-01-28 14:48:35,464 basehttp 154 "GET /static/images/interval_line.png HTTP/1.1" 200 1123
INFO 2021-01-28 14:48:35,465 basehttp 154 "GET /static/images/register_banner.png HTTP/1.1" 200 54894
INFO 2021-01-28 14:48:35,568 basehttp 154 "GET /image_codes/f6795471-678c-4d78-81a6-19bb57f4ea5a/ HTTP/1.1" 200 3637
WARNING 2021-01-28 14:48:37,939 log 228 Not Found: /favicon.ico
WARNING 2021-01-28 14:48:37,939 basehttp 154 "GET /favicon.ico HTTP/1.1" 404 2612
INFO 2021-01-28 14:48:39,435 basehttp 154 "GET /users/usernames/lizhun/count/ HTTP/1.1" 200 41
INFO 2021-01-28 14:48:48,883 basehttp 154 "GET /image_codes/ccc39935-e75d-468a-95f3-dfc554e2aade/ HTTP/1.1" 200 3252
INFO 2021-01-28 14:48:51,405 basehttp 154 "GET /image_codes/00d181e1-65f5-426e-a57e-aaa7fef8c275/ HTTP/1.1" 200 3103
INFO 2021-01-28 14:48:57,659 basehttp 154 "GET /sms_codes/15838618208/?uuid=00d181e1-65f5-426e-a57e-aaa7fef8c275&image_code=ngud HTTP/1.1" 200 63
INFO 2021-01-28 14:49:14,047 basehttp 154 "GET /users/usernames/lizhun/count/ HTTP/1.1" 200 41
INFO 2021-01-28 14:49:14,051 basehttp 154 "POST /users/register/ HTTP/1.1" 200 5813
INFO 2021-01-28 14:49:14,295 basehttp 154 "GET /image_codes/4a6ff640-cc64-4be6-b735-3a120eb9c11f/ HTTP/1.1" 200 3463
WARNING 2021-01-28 14:52:14,141 basehttp 154 "GET /static/js/axios.min.map HTTP/1.1" 404 1672
INFO 2021-01-28 14:52:15,148 basehttp 154 "POST /users/register/ HTTP/1.1" 200 5813
WARNING 2021-01-28 14:52:15,375 log 228 Not Found: /users/images/interval_line.png
WARNING 2021-01-28 14:52:15,376 log 228 Not Found: /users/images/register_banner.png
WARNING 2021-01-28 14:52:15,377 log 228 Not Found: /users/images/icons02.png
WARNING 2021-01-28 14:52:15,378 basehttp 154 "GET /users/images/interval_line.png HTTP/1.1" 404 2953
WARNING 2021-01-28 14:52:15,378 basehttp 154 "GET /users/images/icons02.png HTTP/1.1" 404 2935
WARNING 2021-01-28 14:52:15,378 basehttp 154 "GET /users/images/register_banner.png HTTP/1.1" 404 2959
INFO 2021-01-28 14:52:15,456 basehttp 154 "GET /image_codes/962e56de-8186-4089-82cf-bc9d1de3f54c/ HTTP/1.1" 200 3037
WARNING 2021-01-28 14:52:15,461 basehttp 154 "GET /static/js/axios.min.map HTTP/1.1" 404 1672
INFO 2021-01-28 14:52:22,427 basehttp 154 "POST /users/register/ HTTP/1.1" 200 5813
INFO 2021-01-28 14:52:22,748 basehttp 154 "GET /image_codes/a4697d8b-ce04-4603-bb48-c8e884114234/ HTTP/1.1" 200 3105
WARNING 2021-01-28 14:52:22,760 basehttp 154 "GET /static/js/axios.min.map HTTP/1.1" 404 1672
INFO 2021-01-28 14:52:31,670 basehttp 154 "GET /users/usernames/lizhun/count/ HTTP/1.1" 200 41
INFO 2021-01-28 14:52:46,901 basehttp 154 "GET /image_codes/7d3312b8-bc65-4132-9750-6a3590a759cc/ HTTP/1.1" 200 3543
INFO 2021-01-28 14:52:53,427 basehttp 154 "GET /sms_codes/17710709974/?uuid=7d3312b8-bc65-4132-9750-6a3590a759cc&image_code=dwmw HTTP/1.1" 200 63
INFO 2021-01-28 14:53:06,848 basehttp 154 "GET /users/usernames/lizhun/count/ HTTP/1.1" 200 41
INFO 2021-01-28 14:53:06,851 basehttp 154 "POST /users/register/ HTTP/1.1" 200 5813
INFO 2021-01-28 14:53:07,175 basehttp 154 "GET /image_codes/19e443fa-26e3-463a-8793-ebca1c7fb55c/ HTTP/1.1" 200 2964
WARNING 2021-01-28 14:53:07,187 basehttp 154 "GET /static/js/axios.min.map HTTP/1.1" 404 1672
INFO 2021-01-28 15:03:51,745 autoreload 597 Watching for file changes with StatReloader
INFO 2021-01-28 15:03:56,618 basehttp 154 "POST /users/register/ HTTP/1.1" 200 5810
INFO 2021-01-28 15:03:56,721 basehttp 154 "GET /static/css/reset.css HTTP/1.1" 200 638
INFO 2021-01-28 15:03:56,722 basehttp 154 "GET /static/css/main.css HTTP/1.1" 200 40091
INFO 2021-01-28 15:03:56,776 basehttp 154 "GET /static/js/axios-0.18.0.min.js HTTP/1.1" 200 12941
INFO 2021-01-28 15:03:56,782 basehttp 154 "GET /static/js/register.js HTTP/1.1" 200 7453
INFO 2021-01-28 15:03:56,785 basehttp 154 "GET /static/js/vue-2.5.16.js HTTP/1.1" 200 289307
INFO 2021-01-28 15:03:56,785 basehttp 154 "GET /static/images/1.png HTTP/1.1" 200 3555
INFO 2021-01-28 15:03:56,787 basehttp 154 "GET /static/js/common.js HTTP/1.1" 200 891
INFO 2021-01-28 15:03:56,921 basehttp 154 "GET /static/images/icons.png HTTP/1.1" 200 7740
INFO 2021-01-28 15:03:56,929 basehttp 154 "GET /static/images/down.png HTTP/1.1" 200 1064
INFO 2021-01-28 15:03:56,937 basehttp 154 "GET /static/images/clock.jpg HTTP/1.1" 200 2235
INFO 2021-01-28 15:03:56,939 basehttp 154 "GET /static/images/shop_cart.png HTTP/1.1" 200 1317
INFO 2021-01-28 15:03:56,940 basehttp 154 "GET /static/images/selected.png HTTP/1.1" 200 1060
INFO 2021-01-28 15:03:56,949 basehttp 154 "GET /static/images/icons02.png HTTP/1.1" 200 3935
INFO 2021-01-28 15:03:56,952 basehttp 154 "GET /static/images/login_banner.png HTTP/1.1" 200 319312
INFO 2021-01-28 15:03:56,953 basehttp 154 "GET /static/images/QQ-weixin.png HTTP/1.1" 200 1816
INFO 2021-01-28 15:03:56,960 basehttp 154 "GET /static/images/interval_line.png HTTP/1.1" 200 1123
INFO 2021-01-28 15:03:56,961 basehttp 154 "GET /static/images/register_banner.png HTTP/1.1" 200 54894
INFO 2021-01-28 15:03:56,966 basehttp 154 "GET /static/images/pay_icons.png HTTP/1.1" 200 11917
INFO 2021-01-28 15:03:56,970 basehttp 154 "GET /static/images/left_bg.jpg HTTP/1.1" 200 1367
INFO 2021-01-28 15:03:56,986 basehttp 154 "GET /static/images/edit.png HTTP/1.1" 200 1244
INFO 2021-01-28 15:03:57,001 basehttp 154 "GET /static/images/success.png HTTP/1.1" 200 2738
INFO 2021-01-28 15:03:57,003 basehttp 154 "GET /static/images/time_count_bg.png HTTP/1.1" 200 1332
INFO 2021-01-28 15:03:57,004 basehttp 154 "GET /static/images/stars.png HTTP/1.1" 200 2688
INFO 2021-01-28 15:03:57,004 basehttp 154 "GET /static/images/shine.png HTTP/1.1" 200 1270
INFO 2021-01-28 15:03:57,004 basehttp 154 "GET /static/images/find-password.png HTTP/1.1" 200 6186
INFO 2021-01-28 15:03:57,009 basehttp 154 "GET /static/images/arrow.png HTTP/1.1" 200 985
INFO 2021-01-28 15:03:57,037 basehttp 154 "GET /static/images/interval_line.png HTTP/1.1" 200 1123
INFO 2021-01-28 15:03:57,038 basehttp 154 "GET /static/images/icons02.png HTTP/1.1" 200 3935
INFO 2021-01-28 15:03:57,039 basehttp 154 "GET /static/images/register_banner.png HTTP/1.1" 200 54894
WARNING 2021-01-28 15:03:57,172 basehttp 154 "GET /static/js/axios.min.map HTTP/1.1" 404 1672
INFO 2021-01-28 15:03:57,206 basehttp 154 "GET /image_codes/2609f30c-a54a-4c73-9675-ef145c55914f/ HTTP/1.1" 200 3443
WARNING 2021-01-28 15:04:00,219 log 228 Not Found: /favicon.ico
WARNING 2021-01-28 15:04:00,220 basehttp 154 "GET /favicon.ico HTTP/1.1" 404 2612
INFO 2021-01-28 15:04:02,301 basehttp 154 "GET /users/usernames/lizhun/count/ HTTP/1.1" 200 41
INFO 2021-01-28 15:04:14,330 basehttp 154 "GET /sms_codes/17710709974/?uuid=2609f30c-a54a-4c73-9675-ef145c55914f&image_code=sahd HTTP/1.1" 200 63
INFO 2021-01-28 15:04:25,427 basehttp 154 "GET /users/usernames/lizhun/count/ HTTP/1.1" 200 41
INFO 2021-01-28 15:04:25,752 basehttp 154 "POST /users/register/ HTTP/1.1" 302 0
INFO 2021-01-28 15:04:25,764 basehttp 154 "GET / HTTP/1.1" 200 38951
INFO 2021-01-28 15:04:25,833 basehttp 154 "GET /static/js/jquery-1.12.4.min.js HTTP/1.1" 200 97163
INFO 2021-01-28 15:04:26,068 basehttp 154 "GET /static/js/index.js HTTP/1.1" 200 1143
INFO 2021-01-28 15:04:26,069 basehttp 154 "GET /static/js/slide.js HTTP/1.1" 200 1822
INFO 2021-01-28 15:04:26,114 basehttp 154 "GET /static/images/goods/goods001.jpg HTTP/1.1" 200 5391
INFO 2021-01-28 15:04:26,118 basehttp 154 "GET /static/images/goods/goods002.jpg HTTP/1.1" 200 5377
INFO 2021-01-28 15:04:26,124 basehttp 154 "GET /static/images/slide01.jpg HTTP/1.1" 200 67813
INFO 2021-01-28 15:04:26,130 basehttp 154 "GET /static/images/slide02.jpg HTTP/1.1" 200 89905
INFO 2021-01-28 15:04:26,131 basehttp 154 "GET /static/images/adv01.jpg HTTP/1.1" 200 39831
INFO 2021-01-28 15:04:26,137 basehttp 154 "GET /static/images/banner01.jpg HTTP/1.1" 200 23658
INFO 2021-01-28 15:04:26,148 basehttp 154 "GET /static/images/slide04.jpg HTTP/1.1" 200 107973
INFO 2021-01-28 15:04:26,149 basehttp 154 "GET /static/images/slide03.jpg HTTP/1.1" 200 70152
INFO 2021-01-28 15:04:26,151 basehttp 154 "GET /static/images/goods/goods004.jpg HTTP/1.1" 200 6565
INFO 2021-01-28 15:04:26,153 basehttp 154 "GET /static/images/goods/goods003.jpg HTTP/1.1" 200 8579
INFO 2021-01-28 15:04:26,160 basehttp 154 "GET /static/images/goods/goods005.jpg HTTP/1.1" 200 7578
INFO 2021-01-28 15:04:26,164 basehttp 154 "GET /static/images/banner02.jpg HTTP/1.1" 200 26729
INFO 2021-01-28 15:04:26,166 basehttp 154 "GET /static/images/banner03.jpg HTTP/1.1" 200 22681
INFO 2021-01-28 15:04:26,168 basehttp 154 "GET /static/images/goods/goods008.jpg HTTP/1.1" 200 7072
INFO 2021-01-28 15:04:26,172 basehttp 154 "GET /static/images/goods/goods009.jpg HTTP/1.1" 200 8738
WARNING 2021-01-28 15:04:26,217 basehttp 154 "GET /static/js/axios.min.map HTTP/1.1" 404 1672
INFO 2021-01-28 15:19:54,117 autoreload 217 C:\Users\LiZ\Desktop\lgshop\apps\verifications\views.py changed, reloading.
INFO 2021-01-28 15:19:55,545 autoreload 597 Watching for file changes with StatReloader
INFO 2021-01-28 15:27:00,989 autoreload 217 C:\Users\LiZ\Desktop\lgshop\apps\verifications\views.py changed, reloading.
INFO 2021-01-28 15:27:02,212 autoreload 597 Watching for file changes with StatReloader
INFO 2021-01-28 15:27:39,830 autoreload 217 C:\Users\LiZ\Desktop\lgshop\apps\verifications\views.py changed, reloading.
INFO 2021-01-28 15:27:41,287 autoreload 597 Watching for file changes with StatReloader
INFO 2021-01-28 15:28:07,639 autoreload 217 C:\Users\LiZ\Desktop\lgshop\apps\verifications\views.py changed, reloading.
INFO 2021-01-28 15:28:08,999 autoreload 597 Watching for file changes with StatReloader
INFO 2021-01-28 15:29:08,033 autoreload 217 C:\Users\LiZ\Desktop\lgshop\apps\verifications\views.py changed, reloading.
INFO 2021-01-28 15:29:09,302 autoreload 597 Watching for file changes with StatReloader
INFO 2021-01-28 15:30:07,702 autoreload 217 C:\Users\LiZ\Desktop\lgshop\apps\verifications\views.py changed, reloading.
INFO 2021-01-28 15:30:09,076 autoreload 597 Watching for file changes with StatReloader
INFO 2021-01-28 15:30:39,142 autoreload 217 C:\Users\LiZ\Desktop\lgshop\apps\verifications\views.py changed, reloading.
INFO 2021-01-28 15:30:40,359 autoreload 597 Watching for file changes with StatReloader
INFO 2021-01-28 15:30:46,098 autoreload 217 C:\Users\LiZ\Desktop\lgshop\apps\verifications\views.py changed, reloading.
INFO 2021-01-28 15:30:47,332 autoreload 597 Watching for file changes with StatReloader
INFO 2021-01-28 15:31:00,851 autoreload 217 C:\Users\LiZ\Desktop\lgshop\apps\verifications\constants.py changed, reloading.
INFO 2021-01-28 15:31:02,249 autoreload 597 Watching for file changes with StatReloader
INFO 2021-01-28 15:32:47,510 autoreload 217 C:\Users\LiZ\Desktop\lgshop\apps\verifications\constants.py changed, reloading.
INFO 2021-01-28 15:32:48,959 autoreload 597 Watching for file changes with StatReloader
INFO 2021-01-28 15:34:00,939 autoreload 217 C:\Users\LiZ\Desktop\lgshop\apps\verifications\constants.py changed, reloading.
INFO 2021-01-28 15:34:02,146 autoreload 597 Watching for file changes with StatReloader
INFO 2021-01-28 15:34:27,020 autoreload 217 C:\Users\LiZ\Desktop\lgshop\apps\verifications\views.py changed, reloading.
INFO 2021-01-28 15:34:28,402 autoreload 597 Watching for file changes with StatReloader
INFO 2021-02-01 09:36:54,473 autoreload 597 Watching for file changes with StatReloader
INFO 2021-02-01 09:37:26,410 basehttp 154 "GET /users/register/ HTTP/1.1" 200 5619
INFO 2021-02-01 09:37:26,533 basehttp 154 "GET /static/js/axios-0.18.0.min.js HTTP/1.1" 200 12941
INFO 2021-02-01 09:37:26,534 basehttp 154 "GET /static/js/common.js HTTP/1.1" 200 891
INFO 2021-02-01 09:37:26,535 basehttp 154 "GET /static/js/register.js HTTP/1.1" 200 7453
INFO 2021-02-01 09:37:26,537 basehttp 154 "GET /static/js/vue-2.5.16.js HTTP/1.1" 200 289307
INFO 2021-02-01 09:37:26,623 basehttp 154 "GET /static/images/1.png HTTP/1.1" 200 3555
INFO 2021-02-01 09:37:27,131 basehttp 154 "GET /image_codes/fb1e6a0b-93e9-40e7-9922-fb8091adab39/ HTTP/1.1" 200 3464
WARNING 2021-02-01 09:37:28,895 log 228 Not Found: /favicon.ico
WARNING 2021-02-01 09:37:28,895 basehttp 154 "GET /favicon.ico HTTP/1.1" 404 2612
INFO 2021-02-01 09:37:44,186 basehttp 154 "GET /sms_codes/17710709974/?uuid=fb1e6a0b-93e9-40e7-9922-fb8091adab39&image_code=lrhy HTTP/1.1" 200 63
INFO 2021-02-01 09:38:44,215 basehttp 154 "GET /image_codes/c695575a-915b-42c8-81aa-bb288295f4f9/ HTTP/1.1" 200 3692
INFO 2021-02-01 10:29:22,114 autoreload 597 Watching for file changes with StatReloader
INFO 2021-02-01 10:29:31,001 basehttp 154 "GET /users/register/ HTTP/1.1" 200 5619
ERROR 2021-02-01 10:29:31,542 log 228 Internal Server Error: /image_codes/c28225b5-1b88-4e55-8931-29d342969569/
Traceback (most recent call last):
  File "D:\Alltools\conda\unzip\envs\py3\lib\site-packages\django\core\handlers\exception.py", line 34, in inner
    response = get_response(request)
  File "D:\Alltools\conda\unzip\envs\py3\lib\site-packages\django\core\handlers\base.py", line 115, in _get_response
    response = self.process_exception_by_middleware(e, request)
  File "D:\Alltools\conda\unzip\envs\py3\lib\site-packages\django\core\handlers\base.py", line 113, in _get_response
    response = wrapped_callback(request, *callback_args, **callback_kwargs)
  File "D:\Alltools\conda\unzip\envs\py3\lib\site-packages\django\views\generic\base.py", line 71, in view
    return self.dispatch(request, *args, **kwargs)
  File "D:\Alltools\conda\unzip\envs\py3\lib\site-packages\django\views\generic\base.py", line 97, in dispatch
    return handler(request, *args, **kwargs)
  File "C:\Users\LiZ\Desktop\lgshop\apps\verifications\views.py", line 32, in get
    redis_conn.setex('img_%s' % uuid, text, constants.IMAGE_CODE_REDIS_EXPIRES)
  File "D:\Alltools\conda\unzip\envs\py3\lib\site-packages\redis\client.py", line 1822, in setex
    return self.execute_command('SETEX', name, time, value)
  File "D:\Alltools\conda\unzip\envs\py3\lib\site-packages\redis\client.py", line 901, in execute_command
    return self.parse_response(conn, command_name, **options)
  File "D:\Alltools\conda\unzip\envs\py3\lib\site-packages\redis\client.py", line 915, in parse_response
    response = connection.read_response()
  File "D:\Alltools\conda\unzip\envs\py3\lib\site-packages\redis\connection.py", line 756, in read_response
    raise response
redis.exceptions.ResponseError: value is not an integer or out of range
ERROR 2021-02-01 10:29:31,548 basehttp 154 "GET /image_codes/c28225b5-1b88-4e55-8931-29d342969569/ HTTP/1.1" 500 105802
INFO 2021-02-01 10:30:32,903 autoreload 217 C:\Users\LiZ\Desktop\lgshop\apps\verifications\views.py changed, reloading.
INFO 2021-02-01 10:30:34,367 autoreload 597 Watching for file changes with StatReloader
INFO 2021-02-01 10:30:40,651 autoreload 597 Watching for file changes with StatReloader
INFO 2021-02-01 10:30:43,916 basehttp 154 "GET /users/register/ HTTP/1.1" 200 5619
INFO 2021-02-01 10:30:44,313 basehttp 154 "GET /image_codes/d58ba3f2-56e3-4d43-9472-ee8628233fd4/ HTTP/1.1" 200 2961
INFO 2021-02-01 10:30:46,492 basehttp 154 "GET /image_codes/cd14b9b4-1735-4e3a-b2f6-fabe521b305f/ HTTP/1.1" 200 3167
INFO 2021-02-01 10:37:49,196 autoreload 597 Watching for file changes with StatReloader
INFO 2021-02-01 10:37:57,285 basehttp 154 "GET /users/register/ HTTP/1.1" 200 5619
INFO 2021-02-01 10:37:57,693 basehttp 154 "GET /image_codes/f13a5909-9fc5-434b-85a3-ba166c2c35a3/ HTTP/1.1" 200 3290
INFO 2021-02-01 10:38:05,040 basehttp 154 "GET /sms_codes/15838618208/?uuid=f13a5909-9fc5-434b-85a3-ba166c2c35a3&image_code=zmcr HTTP/1.1" 200 63
INFO 2021-02-01 10:39:05,062 basehttp 154 "GET /image_codes/9350a9a6-f3d6-4983-b34a-9afcb9cabb8d/ HTTP/1.1" 200 3248
INFO 2021-02-01 10:39:40,984 autoreload 597 Watching for file changes with StatReloader
INFO 2021-02-01 10:39:49,751 autoreload 597 Watching for file changes with StatReloader
INFO 2021-02-01 10:40:01,538 basehttp 154 "GET /users/register/ HTTP/1.1" 200 5619
INFO 2021-02-01 10:40:01,925 basehttp 154 "GET /image_codes/8b839f89-7cf8-472a-a111-ddad819b5c9e/ HTTP/1.1" 200 3076
INFO 2021-02-01 10:40:06,187 basehttp 154 "GET /image_codes/ab35b460-6d42-4c74-888d-2de181aa5298/ HTTP/1.1" 200 3548
INFO 2021-02-01 10:40:14,570 basehttp 154 "GET /sms_codes/17710709974/?uuid=ab35b460-6d42-4c74-888d-2de181aa5298&image_code=80en HTTP/1.1" 200 84
INFO 2021-02-01 10:40:15,821 basehttp 154 "GET /sms_codes/17710709974/?uuid=ab35b460-6d42-4c74-888d-2de181aa5298&image_code=80en HTTP/1.1" 200 78
INFO 2021-02-01 10:40:21,450 basehttp 154 "GET /image_codes/36a91af5-c5a4-40fa-ae75-7cbc0616ecb3/ HTTP/1.1" 200 3261
INFO 2021-02-01 10:40:29,410 basehttp 154 "GET /sms_codes/17710709974/?uuid=36a91af5-c5a4-40fa-ae75-7cbc0616ecb3&image_code=lruw HTTP/1.1" 200 63
INFO 2021-02-01 10:40:57,011 autoreload 597 Watching for file changes with StatReloader
INFO 2021-02-01 10:41:00,252 basehttp 154 "GET /users/register/ HTTP/1.1" 200 5619
INFO 2021-02-01 10:41:00,605 basehttp 154 "GET /image_codes/d41ca003-e485-4afa-93f6-015856d093f9/ HTTP/1.1" 200 3122
INFO 2021-02-01 10:41:11,285 basehttp 154 "GET /sms_codes/15838618208/?uuid=d41ca003-e485-4afa-93f6-015856d093f9&image_code=j8zl HTTP/1.1" 200 63
INFO 2021-02-01 10:41:50,671 autoreload 217 C:\Users\LiZ\Desktop\lgshop\celery_tasks\main.py changed, reloading.
INFO 2021-02-01 10:41:52,034 autoreload 597 Watching for file changes with StatReloader
INFO 2021-02-01 10:42:08,364 autoreload 217 C:\Users\LiZ\Desktop\lgshop\celery_tasks\main.py changed, reloading.
INFO 2021-02-01 10:42:09,720 autoreload 597 Watching for file changes with StatReloader
INFO 2021-02-01 10:42:11,379 basehttp 154 "GET /image_codes/b25fd6af-e334-41ef-914f-80d85d9ec43d/ HTTP/1.1" 200 2966
INFO 2021-02-01 10:42:24,845 autoreload 217 C:\Users\LiZ\Desktop\lgshop\celery_tasks\main.py changed, reloading.
INFO 2021-02-01 10:42:26,136 autoreload 597 Watching for file changes with StatReloader
